<?xml version="1.0" encoding="UTF-8"?>
<!-- Generated by org.testng.reporters.JUnitReportReporter -->
<testsuite hostname="XtremeLite-PC" failures="0" tests="1" name="com.testng.B" time="0.009" errors="0" timestamp="06 Feb 2025 01:38:24 GMT" skipped="0">
  <testcase classname="com.testng.B" name="method2" time="0.009"/>
</testsuite> <!-- com.testng.B -->
