<?xml version="1.0" encoding="UTF-8"?>
<!-- Generated by org.testng.reporters.JUnitReportReporter -->
<testsuite hostname="XtremeLite-PC" failures="0" tests="9" name="com.testng.TestNg" time="0.024" errors="0" timestamp="03 Jan 2025 13:44:38 GMT" skipped="0">
  <testcase classname="com.testng.TestNg" name="beforeclass" time="0.003"/>
  <testcase classname="com.testng.TestNg" name="beforeclass" time="0.001"/>
  <testcase classname="com.testng.TestNg" name="afterclass" time="0.002"/>
  <testcase classname="com.testng.TestNg" name="beforeclass" time="0.001"/>
  <testcase classname="com.testng.TestNg" name="beforeclass" time="0.002"/>
  <testcase classname="com.testng.TestNg" name="beforeMethod" time="0.003"/>
  <testcase classname="com.testng.TestNg" name="afterMethod" time="0.007"/>
  <testcase classname="com.testng.TestNg" name="beforeclass" time="0.002"/>
  <testcase classname="com.testng.TestNg" name="login" time="0.003"/>
</testsuite> <!-- com.testng.TestNg -->
