<?xml version="1.0" encoding="UTF-8"?>
<!-- Generated by org.testng.reporters.JUnitReportReporter -->
<testsuite hostname="XtremeLite-PC" failures="0" tests="2" name="com.testng.A" time="48.294" errors="0" timestamp="14 Jun 2025 12:20:21 GMT" skipped="0">
  <testcase classname="com.testng.A" name="method" time="44.253"/>
  <testcase classname="com.testng.A" name="method" time="4.041"/>
</testsuite> <!-- com.testng.A -->
